Using pre-set license
Built from '2020.3/staging' branch; Version is '2020.3.20f1 (41c4e627c95f) revision 4310246'; Using compiler version '192528614'; Build Type 'Release'
OS: 'Windows 10 Home; OS build 19042.1415; Version 2009; 64bit' Language: 'ja' Physical Memory: 16227 MB
BatchMode: 1, IsHumanControllingUs: 0, StartBugReporterOnCrash: 0, Is64bit: 1, IsPro: 0

COMMAND LINE ARGUMENTS:
C:\Program Files\Unity\Hub\Editor\2020.3.20f1\Editor\Unity.exe
-adb2
-batchMode
-noUpm
-name
AssetImportWorker0
-projectPath
C:/Users/toria/Desktop/2nenn/suzuki/Huguroku
-logFile
Logs/AssetImportWorker0.log
-srvPort
61578
Successfully changed project path to: C:/Users/toria/Desktop/2nenn/suzuki/Huguroku
C:/Users/toria/Desktop/2nenn/suzuki/Huguroku
Using Asset Import Pipeline V2.
Refreshing native plugins compatible for Editor in 26.65 ms, found 2 plugins.
Preloading 0 native plugins for Editor in 0.00 ms.
Initialize engine version: 2020.3.20f1 (41c4e627c95f)
[Subsystems] Discovering subsystems at path C:/Program Files/Unity/Hub/Editor/2020.3.20f1/Editor/Data/Resources/UnitySubsystems
[Subsystems] Discovering subsystems at path C:/Users/toria/Desktop/2nenn/suzuki/Huguroku/Assets
GfxDevice: creating device client; threaded=0
Direct3D:
    Version:  Direct3D 11.0 [level 11.1]
    Renderer: NVIDIA GeForce GTX 1650 (ID=0x1f91)
    Vendor:   
    VRAM:     3962 MB
    Driver:   30.0.14.7141
Initialize mono
Mono path[0] = 'C:/Program Files/Unity/Hub/Editor/2020.3.20f1/Editor/Data/Managed'
Mono path[1] = 'C:/Program Files/Unity/Hub/Editor/2020.3.20f1/Editor/Data/MonoBleedingEdge/lib/mono/unityjit'
Mono config path = 'C:/Program Files/Unity/Hub/Editor/2020.3.20f1/Editor/Data/MonoBleedingEdge/etc'
Using monoOptions --debugger-agent=transport=dt_socket,embedding=1,server=y,suspend=n,address=127.0.0.1:56900
Begin MonoManager ReloadAssembly
Registering precompiled unity dll's ...
Register platform support module: C:/Program Files/Unity/Hub/Editor/2020.3.20f1/Editor/Data/PlaybackEngines/WebGLSupport/UnityEditor.WebGL.Extensions.dll
Register platform support module: C:/Program Files/Unity/Hub/Editor/2020.3.20f1/Editor/Data/PlaybackEngines/WindowsStandaloneSupport/UnityEditor.WindowsStandalone.Extensions.dll
Registered in 0.002313 seconds.
Native extension for WindowsStandalone target not found
Native extension for WebGL target not found
Refreshing native plugins compatible for Editor in 26.25 ms, found 2 plugins.
Preloading 0 native plugins for Editor in 0.00 ms.
Mono: successfully reloaded assembly
- Completed reload, in  1.020 seconds
Domain Reload Profiling:
	ReloadAssembly (1020ms)
		BeginReloadAssembly (51ms)
			ExecutionOrderSort (0ms)
			DisableScriptedObjects (0ms)
			BackupInstance (0ms)
			ReleaseScriptingObjects (0ms)
			CreateAndSetChildDomain (1ms)
		EndReloadAssembly (376ms)
			LoadAssemblies (49ms)
			RebuildTransferFunctionScriptingTraits (0ms)
			SetupTypeCache (139ms)
			ReleaseScriptCaches (0ms)
			RebuildScriptCaches (29ms)
			SetupLoadedEditorAssemblies (144ms)
				LogAssemblyErrors (0ms)
				InitializePlatformSupportModulesInManaged (4ms)
				SetLoadedEditorAssemblies (0ms)
				RefreshPlugins (26ms)
				BeforeProcessingInitializeOnLoad (15ms)
				ProcessInitializeOnLoadAttributes (71ms)
				ProcessInitializeOnLoadMethodAttributes (27ms)
				AfterProcessingInitializeOnLoad (0ms)
				EditorAssembliesLoaded (0ms)
			ExecutionOrderSort2 (0ms)
			AwakeInstancesAfterBackupRestoration (0ms)
Platform modules already initialized, skipping
Registering precompiled user dll's ...
Registered in 0.002887 seconds.
Begin MonoManager ReloadAssembly
Native extension for WindowsStandalone target not found
Native extension for WebGL target not found
Refreshing native plugins compatible for Editor in 0.27 ms, found 2 plugins.
Preloading 0 native plugins for Editor in 0.00 ms.
Mono: successfully reloaded assembly
- Completed reload, in  0.939 seconds
Domain Reload Profiling:
	ReloadAssembly (940ms)
		BeginReloadAssembly (135ms)
			ExecutionOrderSort (0ms)
			DisableScriptedObjects (4ms)
			BackupInstance (0ms)
			ReleaseScriptingObjects (0ms)
			CreateAndSetChildDomain (17ms)
		EndReloadAssembly (739ms)
			LoadAssemblies (78ms)
			RebuildTransferFunctionScriptingTraits (0ms)
			SetupTypeCache (260ms)
			ReleaseScriptCaches (0ms)
			RebuildScriptCaches (39ms)
			SetupLoadedEditorAssemblies (274ms)
				LogAssemblyErrors (0ms)
				InitializePlatformSupportModulesInManaged (6ms)
				SetLoadedEditorAssemblies (0ms)
				RefreshPlugins (0ms)
				BeforeProcessingInitializeOnLoad (72ms)
				ProcessInitializeOnLoadAttributes (186ms)
				ProcessInitializeOnLoadMethodAttributes (3ms)
				AfterProcessingInitializeOnLoad (6ms)
				EditorAssembliesLoaded (0ms)
			ExecutionOrderSort2 (0ms)
			AwakeInstancesAfterBackupRestoration (6ms)
Platform modules already initialized, skipping
========================================================================
Worker process is ready to serve import requests
Launched and connected shader compiler UnityShaderCompiler.exe after 0.07 seconds
Refreshing native plugins compatible for Editor in 0.28 ms, found 2 plugins.
Preloading 0 native plugins for Editor in 0.00 ms.
Unloading 1404 Unused Serialized files (Serialized files now loaded: 0)
System memory in use before: 67.8 MB.
System memory in use after: 67.8 MB.

Unloading 16 unused Assets to reduce memory usage. Loaded Objects now: 1840.
Total: 2.328500 ms (FindLiveObjects: 0.125700 ms CreateObjectMapping: 0.037700 ms MarkObjects: 2.112000 ms  DeleteObjects: 0.052300 ms)

AssetImportParameters requested are different than current active one (requested -> active):
  custom:framework-win-MediaFoundation: 216162199b28c13a410421893ffa2e32 -> 
  custom:video-decoder-ogg-theora: a1e56fd34408186e4bbccfd4996cb3dc -> 
  custom:container-muxer-webm: aa71ff27fc2769a1b78a27578f13a17b -> 
  custom:container-demuxer-webm: 4f35f7cbe854078d1ac9338744f61a02 -> 
  custom:container-demuxer-ogg: 62fdf1f143b41e24485cea50d1cbac27 -> 
  custom:video-encoder-webm-vp8: eb34c28f22e8b96e1ab97ce403110664 -> 
  custom:video-codec-MediaFoundation-h265: 746d11721c4dcdbdad8f713fa42b33f4 -> 
  custom:video-decoder-webm-vp8: 9c59270c3fd7afecdb556c50c9e8de78 -> 
  custom:audio-decoder-ogg-vorbis: bf7c407c2cedff20999df2af8eb42d56 -> 
  custom:audio-encoder-webm-vorbis: bf7c407c2cedff20999df2af8eb42d56 -> 
========================================================================
Received Import Request.
  path: Assets
  artifactKey: Guid(00000000000000001000000000000000) Importer(815301076,1909f56bfc062723c751e8b465ee728b)
Start importing Assets using Guid(00000000000000001000000000000000) Importer(815301076,1909f56bfc062723c751e8b465ee728b)  -> (artifact id: '42d402b061de3733987d63b9cc3b64de') in 0.008571 seconds 
  Import took 0.010860 seconds .

========================================================================
Received Import Request.
  Time since last request: 7.634375 seconds.
  path: Assets/Font
  artifactKey: Guid(01a2ddbacdd5bc6409848b8bc3cb3025) Importer(815301076,1909f56bfc062723c751e8b465ee728b)
Start importing Assets/Font using Guid(01a2ddbacdd5bc6409848b8bc3cb3025) Importer(815301076,1909f56bfc062723c751e8b465ee728b)  -> (artifact id: '5d6a905a5a88d82cb8ff404464cd14d5') in 0.006809 seconds 
  Import took 0.009135 seconds .

========================================================================
Received Import Request.
  Time since last request: 14.305821 seconds.
  path: Assets/Font/gomarice_mukasi_mukasi.7z
  artifactKey: Guid(9b3c41bc46805cf46835f9f4f7677ad0) Importer(815301076,1909f56bfc062723c751e8b465ee728b)
Start importing Assets/Font/gomarice_mukasi_mukasi.7z using Guid(9b3c41bc46805cf46835f9f4f7677ad0) Importer(815301076,1909f56bfc062723c751e8b465ee728b)  -> (artifact id: '3be608ee68193be2cde689b43787f429') in 0.038836 seconds 
  Import took 0.041533 seconds .

========================================================================
Received Import Request.
  Time since last request: 319.174035 seconds.
  path: Assets/Font/SenkoMinchoTrialM.otf
  artifactKey: Guid(8ec5afb4d803a414f8bc8397d371e956) Importer(815301076,1909f56bfc062723c751e8b465ee728b)
Start importing Assets/Font/SenkoMinchoTrialM.otf using Guid(8ec5afb4d803a414f8bc8397d371e956) Importer(815301076,1909f56bfc062723c751e8b465ee728b)  -> (artifact id: '667fc496c7dd518300e917c7135a86b8') in 0.095087 seconds 
  Import took 0.097625 seconds .

========================================================================
Received Import Request.
  Time since last request: 201.315118 seconds.
  path: Assets/Font/craftmincho.otf
  artifactKey: Guid(b70f385c67ddef842b1b79358edfc86e) Importer(815301076,1909f56bfc062723c751e8b465ee728b)
Start importing Assets/Font/craftmincho.otf using Guid(b70f385c67ddef842b1b79358edfc86e) Importer(815301076,1909f56bfc062723c751e8b465ee728b)  -> (artifact id: '174b3f50694b07dc95affdd72f45b5e9') in 0.023883 seconds 
  Import took 0.026366 seconds .

========================================================================
Received Import Request.
  Time since last request: 270.534915 seconds.
  path: Assets/Prefab/BINGO/CardPrefab.prefab
  artifactKey: Guid(e2f640850bf463a4eb441f1d6b17059f) Importer(815301076,1909f56bfc062723c751e8b465ee728b)
Start importing Assets/Prefab/BINGO/CardPrefab.prefab using Guid(e2f640850bf463a4eb441f1d6b17059f) Importer(815301076,1909f56bfc062723c751e8b465ee728b)  -> (artifact id: 'e0b69bf58977cd5fb866c54c1497d1d6') in 0.029341 seconds 
  Import took 0.032156 seconds .

========================================================================
Received Import Request.
  Time since last request: 68.247071 seconds.
  path: Assets/Prefab/BINGO/CellPrefab.prefab
  artifactKey: Guid(5a0af3eab6b5092458638092b962eb85) Importer(815301076,1909f56bfc062723c751e8b465ee728b)
Start importing Assets/Prefab/BINGO/CellPrefab.prefab using Guid(5a0af3eab6b5092458638092b962eb85) Importer(815301076,1909f56bfc062723c751e8b465ee728b)  -> (artifact id: '2c5cf4708d0b4ebdd9f7674d1d4f91b7') in 0.010316 seconds 
  Import took 0.013018 seconds .

========================================================================
Received Import Request.
  Time since last request: 15.626477 seconds.
  path: Assets/Prefab/BINGO/EntryNamePrefab.prefab
  artifactKey: Guid(0b9d7d049e3531f4f99ad65b3eeb0a03) Importer(815301076,1909f56bfc062723c751e8b465ee728b)
Start importing Assets/Prefab/BINGO/EntryNamePrefab.prefab using Guid(0b9d7d049e3531f4f99ad65b3eeb0a03) Importer(815301076,1909f56bfc062723c751e8b465ee728b)  -> (artifact id: '9c3fd167a97fd941122d8a417f24c963') in 0.014879 seconds 
  Import took 0.017527 seconds .

========================================================================
Received Import Request.
  Time since last request: 28.277307 seconds.
  path: Assets/Prefab/BINGO/NumberBoardPrefab.prefab
  artifactKey: Guid(304e19aae40fd0f4f91d86994aeafb08) Importer(815301076,1909f56bfc062723c751e8b465ee728b)
Start importing Assets/Prefab/BINGO/NumberBoardPrefab.prefab using Guid(304e19aae40fd0f4f91d86994aeafb08) Importer(815301076,1909f56bfc062723c751e8b465ee728b)  -> (artifact id: 'b7e8874371bf4a7122cec811f040e00e') in 0.010559 seconds 
  Import took 0.013089 seconds .

========================================================================
Received Import Request.
  Time since last request: 25.930015 seconds.
  path: Assets/Prefab/BINGO/WinnerNamePrefab.prefab
  artifactKey: Guid(fc41dc79be2e1ef459ccffd3e323e0ea) Importer(815301076,1909f56bfc062723c751e8b465ee728b)
Start importing Assets/Prefab/BINGO/WinnerNamePrefab.prefab using Guid(fc41dc79be2e1ef459ccffd3e323e0ea) Importer(815301076,1909f56bfc062723c751e8b465ee728b)  -> (artifact id: '3a197142eb26a44f021e6ac1f694c107') in 0.010523 seconds 
  Import took 0.012956 seconds .

========================================================================
Received Prepare
Refreshing native plugins compatible for Editor in 2.35 ms, found 2 plugins.
Preloading 0 native plugins for Editor in 0.00 ms.
Unloading 10 Unused Serialized files (Serialized files now loaded: 0)
System memory in use before: 44.2 MB.
System memory in use after: 44.3 MB.

Unloading 12 unused Assets to reduce memory usage. Loaded Objects now: 1886.
Total: 3.364900 ms (FindLiveObjects: 0.171900 ms CreateObjectMapping: 0.050400 ms MarkObjects: 3.116800 ms  DeleteObjects: 0.024700 ms)

AssetImportParameters requested are different than current active one (requested -> active):
  custom:framework-win-MediaFoundation: 216162199b28c13a410421893ffa2e32 -> 
  custom:video-decoder-ogg-theora: a1e56fd34408186e4bbccfd4996cb3dc -> 
  custom:container-muxer-webm: aa71ff27fc2769a1b78a27578f13a17b -> 
  custom:container-demuxer-webm: 4f35f7cbe854078d1ac9338744f61a02 -> 
  custom:container-demuxer-ogg: 62fdf1f143b41e24485cea50d1cbac27 -> 
  custom:video-encoder-webm-vp8: eb34c28f22e8b96e1ab97ce403110664 -> 
  custom:video-codec-MediaFoundation-h265: 746d11721c4dcdbdad8f713fa42b33f4 -> 
  custom:video-decoder-webm-vp8: 9c59270c3fd7afecdb556c50c9e8de78 -> 
  custom:audio-decoder-ogg-vorbis: bf7c407c2cedff20999df2af8eb42d56 -> 
  custom:audio-encoder-webm-vorbis: bf7c407c2cedff20999df2af8eb42d56 -> 
========================================================================
Received Prepare
Refreshing native plugins compatible for Editor in 2.22 ms, found 2 plugins.
Preloading 0 native plugins for Editor in 0.00 ms.
Unloading 10 Unused Serialized files (Serialized files now loaded: 0)
System memory in use before: 44.2 MB.
System memory in use after: 44.3 MB.

Unloading 9 unused Assets to reduce memory usage. Loaded Objects now: 1886.
Total: 3.218500 ms (FindLiveObjects: 0.205700 ms CreateObjectMapping: 0.058800 ms MarkObjects: 2.941900 ms  DeleteObjects: 0.011400 ms)

AssetImportParameters requested are different than current active one (requested -> active):
  custom:framework-win-MediaFoundation: 216162199b28c13a410421893ffa2e32 -> 
  custom:video-decoder-ogg-theora: a1e56fd34408186e4bbccfd4996cb3dc -> 
  custom:container-muxer-webm: aa71ff27fc2769a1b78a27578f13a17b -> 
  custom:container-demuxer-webm: 4f35f7cbe854078d1ac9338744f61a02 -> 
  custom:container-demuxer-ogg: 62fdf1f143b41e24485cea50d1cbac27 -> 
  custom:video-encoder-webm-vp8: eb34c28f22e8b96e1ab97ce403110664 -> 
  custom:video-codec-MediaFoundation-h265: 746d11721c4dcdbdad8f713fa42b33f4 -> 
  custom:video-decoder-webm-vp8: 9c59270c3fd7afecdb556c50c9e8de78 -> 
  custom:audio-decoder-ogg-vorbis: bf7c407c2cedff20999df2af8eb42d56 -> 
  custom:audio-encoder-webm-vorbis: bf7c407c2cedff20999df2af8eb42d56 -> 
AssetImportWorkerClient::OnTransportError - code=2 error=End of file
